<?xml version="1.0" encoding="UTF-8"?>
<!-- Generated by org.testng.reporters.JUnitXMLReporter -->
<testsuite ignored="0" hostname="DESKTOP-K0CRIUF" failures="0" tests="4" name="Default test" time="79.64" errors="0" timestamp="2025-02-25T17:13:53 IST">
  <testcase classname="com.suriya.todo.testcases.ToDoTest" name="testAddToDo" time="0.8"/>
  <testcase classname="com.suriya.todo.testcases.ToDoTest" name="testMarkCompleted" time="7.491"/>
  <testcase classname="com.suriya.todo.testcases.ToDoTest" name="testDeleteToDo" time="17.66"/>
  <testcase classname="com.suriya.todo.testcases.ToDoTest" name="testFilterToDos" time="32.851"/>
</testsuite> <!-- Default test -->
